[5668:22640:0814/163702.732:INFO:components\enterprise\browser\controller\chrome_browser_cloud_management_controller.cc:202] No machine level policy manager exists.
[20032:7388:0814/163703.241:INFO:third_party\webrtc\rtc_base\cpu_info.cc:88] Available number of cores: 12
[21304:2824:0814/163703.260:INFO:third_party\webrtc\rtc_base\cpu_info.cc:88] Available number of cores: 12
[12392:13220:0814/163704.066:VERBOSE1:components\viz\service\main\viz_main_impl.cc:86] VizNullHypothesis is disabled (not a warning)
[10736:6488:0814/163704.691:INFO:third_party\webrtc\rtc_base\cpu_info.cc:88] Available number of cores: 12
[16888:1280:0814/163704.872:INFO:third_party\webrtc\rtc_base\cpu_info.cc:88] Available number of cores: 12
[12392:13220:0814/163708.083:ERROR:gpu\command_buffer\service\gles2_cmd_decoder_passthrough.cc:1096] [GroupMarkerNotSet(crbug.com/242999)!:A0A02A00AC400000]Automatic fallback to software WebGL has been deprecated. Please use the --enable-unsafe-swiftshader (about:flags#enable-unsafe-swiftshader) flag to opt in to lower security guarantees for trusted content.
[5668:22640:0814/163709.352:INFO:CONSOLE:0] "[GroupMarkerNotSet(crbug.com/242999)!:A0A02A00AC400000]Automatic fallback to software WebGL has been deprecated. Please use the --enable-unsafe-swiftshader (about:flags#enable-unsafe-swiftshader) flag to opt in to lower security guarantees for trusted content.", source: https://www.linkedin.com/feed/ (0)
[10736:28908:0814/163713.330:INFO:third_party\webrtc\api\video_codecs\sdp_video_format.cc:291] Matched SdpVideoFormat Codec name: VP9, parameters: { } with Codec name: VP9, parameters: { profile-id=0 }, scalability_modes: [L1T1, L1T2, L1T3, L2T1, L2T1h, L2T1_KEY, L2T2, L2T2h, L2T2_KEY, L2T2_KEY_SHIFT, L2T3, L2T3h, L2T3_KEY, L3T1, L3T1h, L3T1_KEY, L3T2, L3T2h, L3T2_KEY, L3T3, L3T3h, L3T3_KEY, S2T1, S2T1h, S2T2, S2T2h, S2T3, S2T3h, S3T1, S3T1h, S3T2, S3T2h, S3T3, S3T3h]
[10736:28908:0814/163713.330:INFO:third_party\webrtc\api\video_codecs\sdp_video_format.cc:291] Matched SdpVideoFormat Codec name: AV1, parameters: { } with Codec name: AV1, parameters: { level-idx=5 profile=0 tier=0 }, scalability_modes: [L1T1, L1T2, L1T3, L2T1, L2T1h, L2T1_KEY, L2T2, L2T2h, L2T2_KEY, L2T2_KEY_SHIFT, L2T3, L2T3h, L2T3_KEY, L3T1, L3T1h, L3T1_KEY, L3T2, L3T2h, L3T2_KEY, L3T3, L3T3h, L3T3_KEY, S2T1, S2T1h, S2T2, S2T2h, S2T3, S2T3h, S3T1, S3T1h, S3T2, S3T2h, S3T3, S3T3h]
[10736:28908:0814/163713.330:INFO:third_party\webrtc\api\video_codecs\sdp_video_format.cc:289] Failed to match SdpVideoFormat Codec name: H265, parameters: { }
[10736:28908:0814/163713.330:INFO:third_party\blink\renderer\modules\peerconnection\peer_connection_dependency_factory.cc:802] Running WebRTC with a combined Network and Worker thread.
[10736:28908:0814/163713.330:INFO:third_party\webrtc\media\engine\webrtc_voice_engine.cc:477] WebRtcVoiceEngine::WebRtcVoiceEngine
[10736:33160:0814/163713.330:INFO:third_party\webrtc\media\engine\webrtc_voice_engine.cc:499] WebRtcVoiceEngine::Init
[10736:33160:0814/163713.331:INFO:third_party\webrtc\media\engine\webrtc_voice_engine.cc:602] WebRtcVoiceEngine::ApplyOptions: AudioOptions {aec: 1, agc: 1, ns: 1, hf: 1, swap: 0, audio_jitter_buffer_max_packets: 200, audio_jitter_buffer_fast_accelerate: 0, audio_jitter_buffer_min_delay_ms: 0, }
[10736:33160:0814/163713.334:INFO:third_party\webrtc\pc\peer_connection_factory.cc:408] Using default network controller factory
[10736:33160:0814/163713.334:INFO:third_party\webrtc\modules\pacing\bitrate_prober.cc:54] Bandwidth probing enabled, set to inactive
[10736:33160:0814/163713.334:INFO:third_party\webrtc\modules\remote_bitrate_estimator\transport_sequence_number_feedback_generator.cc:52] Maximum interval between transport feedback RTCP messages: 250 ms
[10736:33160:0814/163713.336:INFO:third_party\webrtc\modules\remote_bitrate_estimator\aimd_rate_control.cc:88] Using aimd rate control with back off factor 0.85
[10736:33160:0814/163713.336:INFO:third_party\webrtc\modules\remote_bitrate_estimator\remote_bitrate_estimator_single_stream.cc:59] RemoteBitrateEstimatorSingleStream: Instantiating.
[10736:33160:0814/163713.338:INFO:third_party\webrtc\rtc_base\openssl_key_pair.cc:36] Making key pair
[10736:33160:0814/163713.338:INFO:third_party\webrtc\rtc_base\openssl_key_pair.cc:89] Returning key pair
[10736:33160:0814/163713.339:INFO:third_party\webrtc\rtc_base\boringssl_certificate.cc:186] Making certificate for WebRTC
[10736:33160:0814/163713.339:INFO:third_party\webrtc\rtc_base\boringssl_certificate.cc:242] Returning certificate
[10736:33160:0814/163713.348:INFO:third_party\webrtc\p2p\base\p2p_transport_channel.cc:553] Set backup connection ping interval to 25000 milliseconds.
[10736:33160:0814/163713.348:INFO:third_party\webrtc\p2p\base\p2p_transport_channel.cc:562] Set ICE receiving timeout to 2500 milliseconds
[10736:33160:0814/163713.348:INFO:third_party\webrtc\p2p\base\p2p_transport_channel.cc:569] Set ping most likely connection to 0
[10736:33160:0814/163713.348:INFO:third_party\webrtc\p2p\base\p2p_transport_channel.cc:576] Set stable_writable_connection_ping_interval to 2500
[10736:33160:0814/163713.348:INFO:third_party\webrtc\p2p\base\p2p_transport_channel.cc:589] Set presume writable when fully relayed to 0
[10736:33160:0814/163713.348:INFO:third_party\webrtc\p2p\base\p2p_transport_channel.cc:607] Set regather_on_failed_networks_interval to 300000
[10736:33160:0814/163713.348:INFO:third_party\webrtc\p2p\base\p2p_transport_channel.cc:614] Set receiving_switching_delay to 1000
[10736:33160:0814/163713.348:INFO:third_party\webrtc\pc\jsep_transport_controller.cc:1188] Creating DtlsSrtpTransport.
[10736:33160:0814/163713.348:INFO:third_party\webrtc\pc\dtls_srtp_transport.cc:72] Setting RTP Transport on 0 transport 0x3afc0563f000
[10736:33160:0814/163713.348:INFO:third_party\webrtc\p2p\base\p2p_transport_channel.cc:487] Set ICE ufrag: od6t pwd: fLjoFWs3FATwqOi3sW4a4KRg on transport 0
[10736:28908:0814/163713.348:INFO:third_party\webrtc\pc\peer_connection.cc:2082] Creating data channel, mid=0
[10736:28908:0814/163713.348:INFO:third_party\webrtc\pc\sdp_offer_answer.cc:3090] Session: 4843433022236824311 Old state: stable New state: have-local-offer
[10736:33160:0814/163713.349:INFO:third_party\webrtc\p2p\client\basic_port_allocator.cc:367] Start getting ports with turn_port_prune_policy 0
[10736:33160:0814/163713.495:INFO:third_party\webrtc\p2p\client\basic_port_allocator.cc:807] Allocate ports on any any 
[10736:33160:0814/163713.495:INFO:third_party\webrtc\p2p\client\basic_port_allocator.cc:897] Network manager has started
[10736:33160:0814/163713.495:INFO:third_party\webrtc\p2p\client\basic_port_allocator.cc:1406] Net[any:0.0.0.x/0:Wildcard:id=0]: Allocation Phase=Udp
[10736:33160:0814/163713.495:INFO:third_party\webrtc\p2p\base\port.cc:146] Port[4f85f00::1:0:host:Net[any:0.0.0.x/0:Wildcard:id=0]]: Port created with network cost 999
[10736:33160:0814/163713.495:INFO:third_party\webrtc\p2p\client\basic_port_allocator.cc:1488] AllocationSequence: UDPPort will be handling the STUN candidate generation.
[10736:33160:0814/163713.495:INFO:third_party\webrtc\p2p\client\basic_port_allocator.cc:920] Adding allocated port for 0
[10736:33160:0814/163713.495:INFO:third_party\webrtc\p2p\client\basic_port_allocator.cc:940] Port[4f85f00:0:1:0:host:Net[any:0.0.0.x/0:Wildcard:id=0]]: Added port to allocator
[10736:33160:0814/163713.495:INFO:third_party\webrtc\p2p\client\basic_port_allocator.cc:1406] Net[any:0:0:0:x:x:x:x:x/0:Wildcard:id=0]: Allocation Phase=Udp
[10736:33160:0814/163713.495:INFO:third_party\webrtc\p2p\base\port.cc:146] Port[4f85a00::1:0:host:Net[any:0:0:0:x:x:x:x:x/0:Wildcard:id=0]]: Port created with network cost 999
[10736:33160:0814/163713.495:INFO:third_party\webrtc\p2p\client\basic_port_allocator.cc:1488] AllocationSequence: UDPPort will be handling the STUN candidate generation.
[10736:33160:0814/163713.495:INFO:third_party\webrtc\p2p\client\basic_port_allocator.cc:920] Adding allocated port for 0
[10736:33160:0814/163713.495:INFO:third_party\webrtc\p2p\client\basic_port_allocator.cc:940] Port[4f85a00:0:1:0:host:Net[any:0:0:0:x:x:x:x:x/0:Wildcard:id=0]]: Added port to allocator
[10736:33160:0814/163713.502:INFO:third_party\webrtc\p2p\base\stun_port.cc:445] Port[4f85f00:0:1:0:host:Net[any:0.0.0.x/0:Wildcard:id=0]]: Starting STUN host lookup for stun.l.google.com:19302
[10736:33160:0814/163713.503:INFO:third_party\webrtc\p2p\base\stun_port.cc:445] Port[4f85a00:0:1:0:host:Net[any:0:0:0:x:x:x:x:x/0:Wildcard:id=0]]: Starting STUN host lookup for stun.l.google.com:19302
[12392:13220:0814/163713.515:ERROR:gpu\command_buffer\service\gles2_cmd_decoder_passthrough.cc:1096] [GroupMarkerNotSet(crbug.com/242999)!:A0402A00AC400000]Automatic fallback to software WebGL has been deprecated. Please use the --enable-unsafe-swiftshader (about:flags#enable-unsafe-swiftshader) flag to opt in to lower security guarantees for trusted content.
[28072:22384:0814/163713.533:INFO:third_party\webrtc\rtc_base\cpu_info.cc:88] Available number of cores: 12
[12392:13220:0814/163713.536:ERROR:gpu\command_buffer\service\gles2_cmd_decoder_passthrough.cc:1096] [GroupMarkerNotSet(crbug.com/242999)!:A0802900AC400000]Automatic fallback to software WebGL has been deprecated. Please use the --enable-unsafe-swiftshader (about:flags#enable-unsafe-swiftshader) flag to opt in to lower security guarantees for trusted content.
[10736:33160:0814/163713.558:INFO:third_party\webrtc\p2p\client\basic_port_allocator.cc:1406] Net[any:0.0.0.x/0:Wildcard:id=0]: Allocation Phase=Relay
[10736:33160:0814/163713.558:INFO:third_party\webrtc\p2p\client\basic_port_allocator.cc:1406] Net[any:0:0:0:x:x:x:x:x/0:Wildcard:id=0]: Allocation Phase=Relay
[10736:33160:0814/163713.621:INFO:third_party\webrtc\p2p\client\basic_port_allocator.cc:1406] Net[any:0.0.0.x/0:Wildcard:id=0]: Allocation Phase=Tcp
[10736:33160:0814/163713.621:INFO:third_party\webrtc\p2p\base\port.cc:146] Port[563d000::1:0:host:Net[any:0.0.0.x/0:Wildcard:id=0]]: Port created with network cost 999
[10736:33160:0814/163713.621:INFO:third_party\webrtc\p2p\client\basic_port_allocator.cc:920] Adding allocated port for 0
[12392:13220:0814/163713.621:ERROR:gpu\command_buffer\service\gl_utils.cc:389] [.WebGL-0x3afc022d7f00]GL Driver Message (OpenGL, Performance, GL_CLOSE_PATH_NV, High): GPU stall due to ReadPixels
[10736:33160:0814/163713.621:INFO:third_party\webrtc\p2p\client\basic_port_allocator.cc:940] Port[563d000:0:1:0:host:Net[any:0.0.0.x/0:Wildcard:id=0]]: Added port to allocator
[10736:33160:0814/163713.621:INFO:third_party\webrtc\p2p\base\tcp_port.cc:185] Port[563d000:0:1:0:host:Net[any:0.0.0.x/0:Wildcard:id=0]]: Not listening due to firewall restrictions.
[10736:33160:0814/163713.621:INFO:third_party\webrtc\p2p\client\basic_port_allocator.cc:1406] Net[any:0:0:0:x:x:x:x:x/0:Wildcard:id=0]: Allocation Phase=Tcp
[10736:33160:0814/163713.621:INFO:third_party\webrtc\p2p\base\port.cc:146] Port[c371c00::1:0:host:Net[any:0:0:0:x:x:x:x:x/0:Wildcard:id=0]]: Port created with network cost 999
[10736:33160:0814/163713.622:INFO:third_party\webrtc\p2p\client\basic_port_allocator.cc:920] Adding allocated port for 0
[10736:33160:0814/163713.622:INFO:third_party\webrtc\p2p\client\basic_port_allocator.cc:940] Port[c371c00:0:1:0:host:Net[any:0:0:0:x:x:x:x:x/0:Wildcard:id=0]]: Added port to allocator
[10736:33160:0814/163713.622:INFO:third_party\webrtc\p2p\base\tcp_port.cc:185] Port[c371c00:0:1:0:host:Net[any:0:0:0:x:x:x:x:x/0:Wildcard:id=0]]: Not listening due to firewall restrictions.
[12392:13220:0814/163713.698:ERROR:gpu\command_buffer\service\gles2_cmd_decoder_passthrough.cc:1096] [GroupMarkerNotSet(crbug.com/242999)!:A0D02A00AC400000]Automatic fallback to software WebGL has been deprecated. Please use the --enable-unsafe-swiftshader (about:flags#enable-unsafe-swiftshader) flag to opt in to lower security guarantees for trusted content.
[5668:22640:0814/163713.718:INFO:CONSOLE:0] "[GroupMarkerNotSet(crbug.com/242999)!:A0402A00AC400000]Automatic fallback to software WebGL has been deprecated. Please use the --enable-unsafe-swiftshader (about:flags#enable-unsafe-swiftshader) flag to opt in to lower security guarantees for trusted content.", source: https://www.linkedin.com/feed/ (0)
[5668:22640:0814/163713.718:INFO:CONSOLE:0] "[GroupMarkerNotSet(crbug.com/242999)!:A0802900AC400000]Automatic fallback to software WebGL has been deprecated. Please use the --enable-unsafe-swiftshader (about:flags#enable-unsafe-swiftshader) flag to opt in to lower security guarantees for trusted content.", source: https://www.linkedin.com/feed/ (0)
[5668:22640:0814/163713.722:INFO:CONSOLE:0] "[.WebGL-0x3afc022d7f00]GL Driver Message (OpenGL, Performance, GL_CLOSE_PATH_NV, High): GPU stall due to ReadPixels", source: https://www.linkedin.com/feed/ (0)
[5668:22640:0814/163713.760:INFO:CONSOLE:0] "[GroupMarkerNotSet(crbug.com/242999)!:A0D02A00AC400000]Automatic fallback to software WebGL has been deprecated. Please use the --enable-unsafe-swiftshader (about:flags#enable-unsafe-swiftshader) flag to opt in to lower security guarantees for trusted content.", source: https://www.linkedin.com/feed/ (0)
[10736:33160:0814/163713.767:INFO:third_party\webrtc\p2p\client\basic_port_allocator.cc:957] Port[4f85f00:0:1:0:host:Net[any:0.0.0.x/0:Wildcard:id=0]]: Gathered candidate: Cand[:3240033978:1:udp:2113937151:8678cdd3-74da-4f20-91e5-b5fb264f338f.local:59609:host::0:od6t:fLjoFWs3FATwqOi3sW4a4KRg:0:999:0]
[10736:33160:0814/163713.767:INFO:third_party\webrtc\p2p\client\basic_port_allocator.cc:990] Port[4f85f00:0:1:0:host:Net[any:0.0.0.x/0:Wildcard:id=0]]: Port ready.
[10736:33160:0814/163713.775:INFO:third_party\webrtc\p2p\client\basic_port_allocator.cc:957] Port[4f85a00:0:1:0:host:Net[any:0:0:0:x:x:x:x:x/0:Wildcard:id=0]]: Gathered candidate: Cand[:1504536698:1:udp:2113929727:d350d1ce-161d-46cb-a0b4-58c7394269a9.local:59610:host::0:od6t:fLjoFWs3FATwqOi3sW4a4KRg:0:999:0]
[10736:33160:0814/163713.775:INFO:third_party\webrtc\p2p\client\basic_port_allocator.cc:990] Port[4f85a00:0:1:0:host:Net[any:0:0:0:x:x:x:x:x/0:Wildcard:id=0]]: Port ready.
[10736:33160:0814/163713.775:INFO:third_party\webrtc\p2p\client\basic_port_allocator.cc:1001] Discarding candidate because it doesn't match filter.
[10736:33160:0814/163713.775:INFO:third_party\webrtc\p2p\client\basic_port_allocator.cc:957] Port[563d000:0:1:0:host:Net[any:0.0.0.x/0:Wildcard:id=0]]: Gathered candidate: Cand[:147939877:1:tcp:1509957375:93d95950-587f-4ced-9842-f35fd689a3e1.local:9:host::0:od6t:fLjoFWs3FATwqOi3sW4a4KRg:0:999:0]
[10736:33160:0814/163713.775:INFO:third_party\webrtc\p2p\client\basic_port_allocator.cc:990] Port[563d000:0:1:0:host:Net[any:0.0.0.x/0:Wildcard:id=0]]: Port ready.
[10736:33160:0814/163713.775:INFO:third_party\webrtc\p2p\client\basic_port_allocator.cc:1001] Discarding candidate because it doesn't match filter.
[10736:33160:0814/163713.775:INFO:third_party\webrtc\p2p\client\basic_port_allocator.cc:1102] Port[563d000:0:1:0:host:Net[any:0.0.0.x/0:Wildcard:id=0]]: Port completed gathering candidates.
[10736:33160:0814/163713.775:INFO:third_party\webrtc\p2p\client\basic_port_allocator.cc:957] Port[c371c00:0:1:0:host:Net[any:0:0:0:x:x:x:x:x/0:Wildcard:id=0]]: Gathered candidate: Cand[:660769506:1:tcp:1509949951:d350d1ce-161d-46cb-a0b4-58c7394269a9.local:9:host::0:od6t:fLjoFWs3FATwqOi3sW4a4KRg:0:999:0]
[10736:33160:0814/163713.775:INFO:third_party\webrtc\p2p\client\basic_port_allocator.cc:990] Port[c371c00:0:1:0:host:Net[any:0:0:0:x:x:x:x:x/0:Wildcard:id=0]]: Port ready.
[10736:33160:0814/163713.775:INFO:third_party\webrtc\p2p\client\basic_port_allocator.cc:1001] Discarding candidate because it doesn't match filter.
[10736:33160:0814/163713.775:INFO:third_party\webrtc\p2p\client\basic_port_allocator.cc:1102] Port[c371c00:0:1:0:host:Net[any:0:0:0:x:x:x:x:x/0:Wildcard:id=0]]: Port completed gathering candidates.
[30536:31208:0814/163713.775:WARNING:net\dns\host_resolver_dns_task.cc:938] Address list empty after RFC3484 sort
[30536:31208:0814/163713.799:ERROR:services\network\p2p\socket_manager.cc:137] Failed to resolve address for stun.l.google.com., errorcode: -105
[10736:33160:0814/163713.810:WARNING:third_party\webrtc\p2p\base\stun_port.cc:456] Port[4f85a00:0:1:0:host:Net[any:0:0:0:x:x:x:x:x/0:Wildcard:id=0]]: StunPort: stun host lookup received error -1
[10736:33160:0814/163713.810:INFO:third_party\webrtc\p2p\client\basic_port_allocator.cc:1102] Port[4f85a00:0:1:0:host:Net[any:0:0:0:x:x:x:x:x/0:Wildcard:id=0]]: Port completed gathering candidates.
[10736:33160:0814/163713.823:INFO:third_party\webrtc\p2p\client\basic_port_allocator.cc:957] Port[4f85f00:0:1:0:host:Net[any:0.0.0.x/0:Wildcard:id=0]]: Gathered candidate: Cand[:1787902164:1:udp:1677729535:106.195.32.x:59609:srflx:10.186.234.x:59609:od6t:fLjoFWs3FATwqOi3sW4a4KRg:0:999:0]
[10736:33160:0814/163713.824:INFO:third_party\webrtc\p2p\client\basic_port_allocator.cc:1102] Port[4f85f00:0:1:0:host:Net[any:0.0.0.x/0:Wildcard:id=0]]: Port completed gathering candidates.
[10736:33160:0814/163713.824:INFO:third_party\webrtc\p2p\client\basic_port_allocator.cc:1176] All candidates gathered for 0:1:0
[10736:33160:0814/163713.824:INFO:third_party\webrtc\p2p\base\p2p_transport_channel.cc:971] P2PTransportChannel: 0, component 1 gathering complete
[5668:22640:0814/163713.825:INFO:CONSOLE:2] "Error", source: https://client.protechts.net/PXdOjV695v/main.min.js (2)
[15872:22764:0814/163713.979:INFO:third_party\webrtc\rtc_base\cpu_info.cc:88] Available number of cores: 12
[26040:22724:0814/163714.131:INFO:third_party\webrtc\rtc_base\cpu_info.cc:88] Available number of cores: 12
[5668:22640:0814/163714.282:WARNING:chrome\browser\media\prefs\capture_device_ranking.h:255] Can't initialize the value of media.audio_input.user_preference_ranking because media.default_audio_capture_device isn't registered or is empty
[5668:22640:0814/163714.282:WARNING:chrome\browser\media\prefs\capture_device_ranking.h:255] Can't initialize the value of media.video_input.user_preference_ranking because media.default_video_capture_Device isn't registered or is empty
[5668:22640:0814/163714.583:INFO:CONSOLE:8] "visitor.publishDestinations() result: Attempted to attach and load the destination publishing iframe through this API call. Result: The destination publishing iframe was attached and loaded successfully.", source: https://platform.linkedin.com/litms/utag/voyager-web-feed/utag.js?cb=1755169500000 (8)
[12232:29276:0814/163715.290:INFO:third_party\webrtc\rtc_base\cpu_info.cc:88] Available number of cores: 12
[12392:13220:0814/163716.313:ERROR:gpu\command_buffer\service\gles2_cmd_decoder_passthrough.cc:1096] [GroupMarkerNotSet(crbug.com/242999)!:A0102A00AC400000]Automatic fallback to software WebGL has been deprecated. Please use the --enable-unsafe-swiftshader (about:flags#enable-unsafe-swiftshader) flag to opt in to lower security guarantees for trusted content.
[5668:22640:0814/163716.431:INFO:CONSOLE:0] "[GroupMarkerNotSet(crbug.com/242999)!:A0102A00AC400000]Automatic fallback to software WebGL has been deprecated. Please use the --enable-unsafe-swiftshader (about:flags#enable-unsafe-swiftshader) flag to opt in to lower security guarantees for trusted content.", source: https://merchantpool1.linkedin.com/?session_id=a096cc28-b721-48b9-8cd9-80b244e05eb7&CustomerId=fb6bbd47-fa7c-4264-b4e9-b25948407586&PageId=&w=8DDDB22B981B61D&mdt=1755169634635&rticks=1755169634413&u1=&u3=19.0.0&u4=x86&u5=64&u2=(Not%3BA%3DBrand%2C99.0.0.0)%2C(Google%20Chrome%2C139.0.7258.127)%2C(Chromium%2C139.0.7258.127) (0)
[10736:28908:0814/163731.933:INFO:third_party\webrtc\pc\sdp_offer_answer.cc:3090] Session: 4843433022236824311 Old state: have-local-offer New state: closed
[10736:33160:0814/163731.934:INFO:third_party\webrtc\pc\peer_connection.cc:2539] Tearing down data channel transport for mid=0
[5668:22640:0814/163732.702:WARNING:chrome\browser\performance_manager\policies\page_discarding_helper.cc:137] Discarding multiple pages with target (kb): 0, discard_protected_tabs: 0
[5668:504:0814/163736.798:ERROR:google_apis\gcm\engine\registration_request.cc:291] Registration response error message: DEPRECATED_ENDPOINT
[5668:22640:0814/163737.699:WARNING:chrome\browser\performance_manager\policies\page_discarding_helper.cc:137] Discarding multiple pages with target (kb): 0, discard_protected_tabs: 0
[20016:10788:0814/163742.405:INFO:third_party\webrtc\rtc_base\cpu_info.cc:88] Available number of cores: 12
[5668:22640:0814/163742.569:INFO:CONSOLE:2] "Error", source: https://client.protechts.net/PXdOjV695v/main.min.js (2)
[20016:31868:0814/163744.094:INFO:third_party\webrtc\api\video_codecs\sdp_video_format.cc:291] Matched SdpVideoFormat Codec name: VP9, parameters: { } with Codec name: VP9, parameters: { profile-id=0 }, scalability_modes: [L1T1, L1T2, L1T3, L2T1, L2T1h, L2T1_KEY, L2T2, L2T2h, L2T2_KEY, L2T2_KEY_SHIFT, L2T3, L2T3h, L2T3_KEY, L3T1, L3T1h, L3T1_KEY, L3T2, L3T2h, L3T2_KEY, L3T3, L3T3h, L3T3_KEY, S2T1, S2T1h, S2T2, S2T2h, S2T3, S2T3h, S3T1, S3T1h, S3T2, S3T2h, S3T3, S3T3h]
[20016:31868:0814/163744.094:INFO:third_party\webrtc\api\video_codecs\sdp_video_format.cc:291] Matched SdpVideoFormat Codec name: AV1, parameters: { } with Codec name: AV1, parameters: { level-idx=5 profile=0 tier=0 }, scalability_modes: [L1T1, L1T2, L1T3, L2T1, L2T1h, L2T1_KEY, L2T2, L2T2h, L2T2_KEY, L2T2_KEY_SHIFT, L2T3, L2T3h, L2T3_KEY, L3T1, L3T1h, L3T1_KEY, L3T2, L3T2h, L3T2_KEY, L3T3, L3T3h, L3T3_KEY, S2T1, S2T1h, S2T2, S2T2h, S2T3, S2T3h, S3T1, S3T1h, S3T2, S3T2h, S3T3, S3T3h]
[20016:31868:0814/163744.095:INFO:third_party\webrtc\api\video_codecs\sdp_video_format.cc:289] Failed to match SdpVideoFormat Codec name: H265, parameters: { }
[20016:31868:0814/163744.095:INFO:third_party\blink\renderer\modules\peerconnection\peer_connection_dependency_factory.cc:802] Running WebRTC with a combined Network and Worker thread.
[20016:31868:0814/163744.095:INFO:third_party\webrtc\media\engine\webrtc_voice_engine.cc:477] WebRtcVoiceEngine::WebRtcVoiceEngine
[20016:21776:0814/163744.095:INFO:third_party\webrtc\media\engine\webrtc_voice_engine.cc:499] WebRtcVoiceEngine::Init
[20016:21776:0814/163744.096:INFO:third_party\webrtc\media\engine\webrtc_voice_engine.cc:602] WebRtcVoiceEngine::ApplyOptions: AudioOptions {aec: 1, agc: 1, ns: 1, hf: 1, swap: 0, audio_jitter_buffer_max_packets: 200, audio_jitter_buffer_fast_accelerate: 0, audio_jitter_buffer_min_delay_ms: 0, }
[12392:13220:0814/163744.134:ERROR:gpu\command_buffer\service\gles2_cmd_decoder_passthrough.cc:1096] [GroupMarkerNotSet(crbug.com/242999)!:A0102A00AC400000]Automatic fallback to software WebGL has been deprecated. Please use the --enable-unsafe-swiftshader (about:flags#enable-unsafe-swiftshader) flag to opt in to lower security guarantees for trusted content.
[24876:35500:0814/163744.589:INFO:third_party\webrtc\rtc_base\cpu_info.cc:88] Available number of cores: 12
[10736:28908:0814/163744.865:INFO:third_party\webrtc\api\video_codecs\sdp_video_format.cc:291] Matched SdpVideoFormat Codec name: VP9, parameters: { } with Codec name: VP9, parameters: { profile-id=0 }, scalability_modes: [L1T1, L1T2, L1T3, L2T1, L2T1h, L2T1_KEY, L2T2, L2T2h, L2T2_KEY, L2T2_KEY_SHIFT, L2T3, L2T3h, L2T3_KEY, L3T1, L3T1h, L3T1_KEY, L3T2, L3T2h, L3T2_KEY, L3T3, L3T3h, L3T3_KEY, S2T1, S2T1h, S2T2, S2T2h, S2T3, S2T3h, S3T1, S3T1h, S3T2, S3T2h, S3T3, S3T3h]
[10736:28908:0814/163744.865:INFO:third_party\webrtc\api\video_codecs\sdp_video_format.cc:291] Matched SdpVideoFormat Codec name: AV1, parameters: { } with Codec name: AV1, parameters: { level-idx=5 profile=0 tier=0 }, scalability_modes: [L1T1, L1T2, L1T3, L2T1, L2T1h, L2T1_KEY, L2T2, L2T2h, L2T2_KEY, L2T2_KEY_SHIFT, L2T3, L2T3h, L2T3_KEY, L3T1, L3T1h, L3T1_KEY, L3T2, L3T2h, L3T2_KEY, L3T3, L3T3h, L3T3_KEY, S2T1, S2T1h, S2T2, S2T2h, S2T3, S2T3h, S3T1, S3T1h, S3T2, S3T2h, S3T3, S3T3h]
[10736:28908:0814/163744.865:INFO:third_party\webrtc\api\video_codecs\sdp_video_format.cc:289] Failed to match SdpVideoFormat Codec name: H265, parameters: { }
[10736:28908:0814/163744.865:INFO:third_party\blink\renderer\modules\peerconnection\peer_connection_dependency_factory.cc:802] Running WebRTC with a combined Network and Worker thread.
[10736:28908:0814/163744.865:INFO:third_party\webrtc\media\engine\webrtc_voice_engine.cc:477] WebRtcVoiceEngine::WebRtcVoiceEngine
[10736:33160:0814/163744.865:INFO:third_party\webrtc\media\engine\webrtc_voice_engine.cc:499] WebRtcVoiceEngine::Init
[10736:33160:0814/163744.865:INFO:third_party\webrtc\media\engine\webrtc_voice_engine.cc:602] WebRtcVoiceEngine::ApplyOptions: AudioOptions {aec: 1, agc: 1, ns: 1, hf: 1, swap: 0, audio_jitter_buffer_max_packets: 200, audio_jitter_buffer_fast_accelerate: 0, audio_jitter_buffer_min_delay_ms: 0, }
[10736:33160:0814/163744.868:INFO:third_party\webrtc\pc\peer_connection_factory.cc:408] Using default network controller factory
[10736:33160:0814/163744.868:INFO:third_party\webrtc\modules\pacing\bitrate_prober.cc:54] Bandwidth probing enabled, set to inactive
[10736:33160:0814/163744.868:INFO:third_party\webrtc\modules\remote_bitrate_estimator\transport_sequence_number_feedback_generator.cc:52] Maximum interval between transport feedback RTCP messages: 250 ms
[10736:33160:0814/163744.868:INFO:third_party\webrtc\modules\remote_bitrate_estimator\aimd_rate_control.cc:88] Using aimd rate control with back off factor 0.85
[10736:33160:0814/163744.868:INFO:third_party\webrtc\modules\remote_bitrate_estimator\remote_bitrate_estimator_single_stream.cc:59] RemoteBitrateEstimatorSingleStream: Instantiating.
[10736:33160:0814/163744.870:INFO:third_party\webrtc\rtc_base\openssl_key_pair.cc:36] Making key pair
[10736:33160:0814/163744.870:INFO:third_party\webrtc\rtc_base\openssl_key_pair.cc:89] Returning key pair
[10736:33160:0814/163744.870:INFO:third_party\webrtc\rtc_base\boringssl_certificate.cc:186] Making certificate for WebRTC
[10736:33160:0814/163744.870:INFO:third_party\webrtc\rtc_base\boringssl_certificate.cc:242] Returning certificate
[10736:33160:0814/163744.872:INFO:third_party\webrtc\p2p\base\p2p_transport_channel.cc:553] Set backup connection ping interval to 25000 milliseconds.
[10736:33160:0814/163744.872:INFO:third_party\webrtc\p2p\base\p2p_transport_channel.cc:562] Set ICE receiving timeout to 2500 milliseconds
[10736:33160:0814/163744.874:INFO:third_party\webrtc\p2p\base\p2p_transport_channel.cc:569] Set ping most likely connection to 0
[10736:33160:0814/163744.874:INFO:third_party\webrtc\p2p\base\p2p_transport_channel.cc:576] Set stable_writable_connection_ping_interval to 2500
[10736:33160:0814/163744.874:INFO:third_party\webrtc\p2p\base\p2p_transport_channel.cc:589] Set presume writable when fully relayed to 0
[10736:33160:0814/163744.874:INFO:third_party\webrtc\p2p\base\p2p_transport_channel.cc:607] Set regather_on_failed_networks_interval to 300000
[10736:33160:0814/163744.874:INFO:third_party\webrtc\p2p\base\p2p_transport_channel.cc:614] Set receiving_switching_delay to 1000
[10736:33160:0814/163744.874:INFO:third_party\webrtc\pc\jsep_transport_controller.cc:1188] Creating DtlsSrtpTransport.
[10736:33160:0814/163744.874:INFO:third_party\webrtc\pc\dtls_srtp_transport.cc:72] Setting RTP Transport on 0 transport 0x3afc0c371c00
[10736:33160:0814/163744.874:INFO:third_party\webrtc\p2p\base\p2p_transport_channel.cc:487] Set ICE ufrag: Thkw pwd: AOOyPjfJbURXc8KUqrUNb7OI on transport 0
[10736:28908:0814/163744.874:INFO:third_party\webrtc\pc\peer_connection.cc:2082] Creating data channel, mid=0
[10736:28908:0814/163744.874:INFO:third_party\webrtc\pc\sdp_offer_answer.cc:3090] Session: 2545688505006048588 Old state: stable New state: have-local-offer
[10736:33160:0814/163744.874:INFO:third_party\webrtc\p2p\client\basic_port_allocator.cc:367] Start getting ports with turn_port_prune_policy 0
[5668:22640:0814/163744.876:WARNING:chrome\browser\media\prefs\capture_device_ranking.h:255] Can't initialize the value of media.audio_input.user_preference_ranking because media.default_audio_capture_device isn't registered or is empty
[5668:22640:0814/163744.876:WARNING:chrome\browser\media\prefs\capture_device_ranking.h:255] Can't initialize the value of media.video_input.user_preference_ranking because media.default_video_capture_Device isn't registered or is empty
[10736:33160:0814/163744.925:INFO:third_party\webrtc\p2p\client\basic_port_allocator.cc:807] Allocate ports on any any 
[10736:33160:0814/163744.925:INFO:third_party\webrtc\p2p\client\basic_port_allocator.cc:897] Network manager has started
[10736:33160:0814/163744.925:INFO:third_party\webrtc\p2p\client\basic_port_allocator.cc:1406] Net[any:0.0.0.x/0:Wildcard:id=0]: Allocation Phase=Udp
[10736:33160:0814/163744.925:INFO:third_party\webrtc\p2p\base\port.cc:146] Port[4f85a00::1:0:host:Net[any:0.0.0.x/0:Wildcard:id=0]]: Port created with network cost 999
[10736:33160:0814/163744.925:INFO:third_party\webrtc\p2p\client\basic_port_allocator.cc:1488] AllocationSequence: UDPPort will be handling the STUN candidate generation.
[10736:33160:0814/163744.925:INFO:third_party\webrtc\p2p\client\basic_port_allocator.cc:920] Adding allocated port for 0
[10736:33160:0814/163744.925:INFO:third_party\webrtc\p2p\client\basic_port_allocator.cc:940] Port[4f85a00:0:1:0:host:Net[any:0.0.0.x/0:Wildcard:id=0]]: Added port to allocator
[10736:33160:0814/163744.926:INFO:third_party\webrtc\p2p\client\basic_port_allocator.cc:1406] Net[any:0:0:0:x:x:x:x:x/0:Wildcard:id=0]: Allocation Phase=Udp
[10736:33160:0814/163744.926:INFO:third_party\webrtc\p2p\base\port.cc:146] Port[4f85f00::1:0:host:Net[any:0:0:0:x:x:x:x:x/0:Wildcard:id=0]]: Port created with network cost 999
[10736:33160:0814/163744.926:INFO:third_party\webrtc\p2p\client\basic_port_allocator.cc:1488] AllocationSequence: UDPPort will be handling the STUN candidate generation.
[10736:33160:0814/163744.926:INFO:third_party\webrtc\p2p\client\basic_port_allocator.cc:920] Adding allocated port for 0
[10736:33160:0814/163744.926:INFO:third_party\webrtc\p2p\client\basic_port_allocator.cc:940] Port[4f85f00:0:1:0:host:Net[any:0:0:0:x:x:x:x:x/0:Wildcard:id=0]]: Added port to allocator
[10736:33160:0814/163744.928:INFO:third_party\webrtc\p2p\base\stun_port.cc:445] Port[4f85a00:0:1:0:host:Net[any:0.0.0.x/0:Wildcard:id=0]]: Starting STUN host lookup for stun.l.google.com:19302
[10736:33160:0814/163744.929:INFO:third_party\webrtc\p2p\base\stun_port.cc:445] Port[4f85f00:0:1:0:host:Net[any:0:0:0:x:x:x:x:x/0:Wildcard:id=0]]: Starting STUN host lookup for stun.l.google.com:19302
[30536:31208:0814/163744.944:WARNING:net\dns\host_resolver_dns_task.cc:938] Address list empty after RFC3484 sort
[30536:31208:0814/163744.945:ERROR:services\network\p2p\socket_manager.cc:137] Failed to resolve address for stun.l.google.com., errorcode: -105
[12392:13220:0814/163744.947:ERROR:gpu\command_buffer\service\gles2_cmd_decoder_passthrough.cc:1096] [GroupMarkerNotSet(crbug.com/242999)!:A0802900AC400000]Automatic fallback to software WebGL has been deprecated. Please use the --enable-unsafe-swiftshader (about:flags#enable-unsafe-swiftshader) flag to opt in to lower security guarantees for trusted content.
[12392:13220:0814/163744.971:ERROR:gpu\command_buffer\service\gles2_cmd_decoder_passthrough.cc:1096] [GroupMarkerNotSet(crbug.com/242999)!:A0E02900AC400000]Automatic fallback to software WebGL has been deprecated. Please use the --enable-unsafe-swiftshader (about:flags#enable-unsafe-swiftshader) flag to opt in to lower security guarantees for trusted content.
[10736:33160:0814/163744.984:INFO:third_party\webrtc\p2p\client\basic_port_allocator.cc:1406] Net[any:0.0.0.x/0:Wildcard:id=0]: Allocation Phase=Relay
[10736:33160:0814/163744.984:INFO:third_party\webrtc\p2p\client\basic_port_allocator.cc:1406] Net[any:0:0:0:x:x:x:x:x/0:Wildcard:id=0]: Allocation Phase=Relay
[12392:13220:0814/163745.024:ERROR:gpu\command_buffer\service\gl_utils.cc:389] [.WebGL-0x3afc0ca15c00]GL Driver Message (OpenGL, Performance, GL_CLOSE_PATH_NV, High): GPU stall due to ReadPixels
[10736:33160:0814/163745.046:INFO:third_party\webrtc\p2p\client\basic_port_allocator.cc:1406] Net[any:0.0.0.x/0:Wildcard:id=0]: Allocation Phase=Tcp
[10736:33160:0814/163745.046:INFO:third_party\webrtc\p2p\base\port.cc:146] Port[563d000::1:0:host:Net[any:0.0.0.x/0:Wildcard:id=0]]: Port created with network cost 999
[10736:33160:0814/163745.046:INFO:third_party\webrtc\p2p\client\basic_port_allocator.cc:920] Adding allocated port for 0
[10736:33160:0814/163745.046:INFO:third_party\webrtc\p2p\client\basic_port_allocator.cc:940] Port[563d000:0:1:0:host:Net[any:0.0.0.x/0:Wildcard:id=0]]: Added port to allocator
[10736:33160:0814/163745.046:INFO:third_party\webrtc\p2p\base\tcp_port.cc:185] Port[563d000:0:1:0:host:Net[any:0.0.0.x/0:Wildcard:id=0]]: Not listening due to firewall restrictions.
[10736:33160:0814/163745.046:INFO:third_party\webrtc\p2p\client\basic_port_allocator.cc:1406] Net[any:0:0:0:x:x:x:x:x/0:Wildcard:id=0]: Allocation Phase=Tcp
[10736:33160:0814/163745.046:INFO:third_party\webrtc\p2p\base\port.cc:146] Port[563f000::1:0:host:Net[any:0:0:0:x:x:x:x:x/0:Wildcard:id=0]]: Port created with network cost 999
[10736:33160:0814/163745.046:INFO:third_party\webrtc\p2p\client\basic_port_allocator.cc:920] Adding allocated port for 0
[10736:33160:0814/163745.046:INFO:third_party\webrtc\p2p\client\basic_port_allocator.cc:940] Port[563f000:0:1:0:host:Net[any:0:0:0:x:x:x:x:x/0:Wildcard:id=0]]: Added port to allocator
[10736:33160:0814/163745.046:INFO:third_party\webrtc\p2p\base\tcp_port.cc:185] Port[563f000:0:1:0:host:Net[any:0:0:0:x:x:x:x:x/0:Wildcard:id=0]]: Not listening due to firewall restrictions.
[12392:13220:0814/163745.084:ERROR:gpu\command_buffer\service\gles2_cmd_decoder_passthrough.cc:1096] [GroupMarkerNotSet(crbug.com/242999)!:A0402A00AC400000]Automatic fallback to software WebGL has been deprecated. Please use the --enable-unsafe-swiftshader (about:flags#enable-unsafe-swiftshader) flag to opt in to lower security guarantees for trusted content.
[10736:33160:0814/163745.104:INFO:third_party\webrtc\p2p\client\basic_port_allocator.cc:957] Port[4f85a00:0:1:0:host:Net[any:0.0.0.x/0:Wildcard:id=0]]: Gathered candidate: Cand[:2422579032:1:udp:2113937151:301bdc0f-1ca6-4a09-8882-ed27a16097cd.local:56144:host::0:Thkw:AOOyPjfJbURXc8KUqrUNb7OI:0:999:0]
[10736:33160:0814/163745.104:INFO:third_party\webrtc\p2p\client\basic_port_allocator.cc:990] Port[4f85a00:0:1:0:host:Net[any:0.0.0.x/0:Wildcard:id=0]]: Port ready.
[5668:22640:0814/163745.105:INFO:CONSOLE:0] "[GroupMarkerNotSet(crbug.com/242999)!:A0802900AC400000]Automatic fallback to software WebGL has been deprecated. Please use the --enable-unsafe-swiftshader (about:flags#enable-unsafe-swiftshader) flag to opt in to lower security guarantees for trusted content.", source: https://www.linkedin.com/jobs/search/?currentJobId=4283523784&distance=100&f_AL=true&f_E=%2C2%2C3%2C4&f_JT=%2CF%2CC%2CT&keywords=Python%20Developer&location=United%20States (0)
[5668:22640:0814/163745.105:INFO:CONSOLE:0] "[GroupMarkerNotSet(crbug.com/242999)!:A0E02900AC400000]Automatic fallback to software WebGL has been deprecated. Please use the --enable-unsafe-swiftshader (about:flags#enable-unsafe-swiftshader) flag to opt in to lower security guarantees for trusted content.", source: https://www.linkedin.com/jobs/search/?currentJobId=4283523784&distance=100&f_AL=true&f_E=%2C2%2C3%2C4&f_JT=%2CF%2CC%2CT&keywords=Python%20Developer&location=United%20States (0)
[5668:22640:0814/163745.109:INFO:CONSOLE:0] "[.WebGL-0x3afc0ca15c00]GL Driver Message (OpenGL, Performance, GL_CLOSE_PATH_NV, High): GPU stall due to ReadPixels", source: https://www.linkedin.com/jobs/search/?currentJobId=4283523784&distance=100&f_AL=true&f_E=%2C2%2C3%2C4&f_JT=%2CF%2CC%2CT&keywords=Python%20Developer&location=United%20States (0)
[10736:33160:0814/163745.110:INFO:third_party\webrtc\p2p\client\basic_port_allocator.cc:957] Port[4f85f00:0:1:0:host:Net[any:0:0:0:x:x:x:x:x/0:Wildcard:id=0]]: Gathered candidate: Cand[:148244888:1:udp:2113929727:d8dfd4de-1d83-4c76-9245-80bdb5087d4c.local:56145:host::0:Thkw:AOOyPjfJbURXc8KUqrUNb7OI:0:999:0]
[10736:33160:0814/163745.110:INFO:third_party\webrtc\p2p\client\basic_port_allocator.cc:990] Port[4f85f00:0:1:0:host:Net[any:0:0:0:x:x:x:x:x/0:Wildcard:id=0]]: Port ready.
[10736:33160:0814/163745.110:INFO:third_party\webrtc\p2p\client\basic_port_allocator.cc:1001] Discarding candidate because it doesn't match filter.
[10736:33160:0814/163745.110:WARNING:third_party\webrtc\p2p\base\stun_port.cc:456] Port[4f85f00:0:1:0:host:Net[any:0:0:0:x:x:x:x:x/0:Wildcard:id=0]]: StunPort: stun host lookup received error -1
[10736:33160:0814/163745.110:INFO:third_party\webrtc\p2p\client\basic_port_allocator.cc:1102] Port[4f85f00:0:1:0:host:Net[any:0:0:0:x:x:x:x:x/0:Wildcard:id=0]]: Port completed gathering candidates.
[5668:22640:0814/163745.112:INFO:CONSOLE:0] "[GroupMarkerNotSet(crbug.com/242999)!:A0402A00AC400000]Automatic fallback to software WebGL has been deprecated. Please use the --enable-unsafe-swiftshader (about:flags#enable-unsafe-swiftshader) flag to opt in to lower security guarantees for trusted content.", source: https://www.linkedin.com/jobs/search/?currentJobId=4283523784&distance=100&f_AL=true&f_E=%2C2%2C3%2C4&f_JT=%2CF%2CC%2CT&keywords=Python%20Developer&location=United%20States (0)
[10736:33160:0814/163745.113:INFO:third_party\webrtc\p2p\client\basic_port_allocator.cc:957] Port[563d000:0:1:0:host:Net[any:0.0.0.x/0:Wildcard:id=0]]: Gathered candidate: Cand[:1504314311:1:tcp:1509957375:e5311299-8afb-4a92-a8e8-4ef48f900dcd.local:9:host::0:Thkw:AOOyPjfJbURXc8KUqrUNb7OI:0:999:0]
[10736:33160:0814/163745.113:INFO:third_party\webrtc\p2p\client\basic_port_allocator.cc:990] Port[563d000:0:1:0:host:Net[any:0.0.0.x/0:Wildcard:id=0]]: Port ready.
[10736:33160:0814/163745.113:INFO:third_party\webrtc\p2p\client\basic_port_allocator.cc:1001] Discarding candidate because it doesn't match filter.
[10736:33160:0814/163745.113:INFO:third_party\webrtc\p2p\client\basic_port_allocator.cc:1102] Port[563d000:0:1:0:host:Net[any:0.0.0.x/0:Wildcard:id=0]]: Port completed gathering candidates.
[10736:33160:0814/163745.113:INFO:third_party\webrtc\p2p\client\basic_port_allocator.cc:957] Port[563f000:0:1:0:host:Net[any:0:0:0:x:x:x:x:x/0:Wildcard:id=0]]: Gathered candidate: Cand[:1981410048:1:tcp:1509949951:d8dfd4de-1d83-4c76-9245-80bdb5087d4c.local:9:host::0:Thkw:AOOyPjfJbURXc8KUqrUNb7OI:0:999:0]
[10736:33160:0814/163745.113:INFO:third_party\webrtc\p2p\client\basic_port_allocator.cc:990] Port[563f000:0:1:0:host:Net[any:0:0:0:x:x:x:x:x/0:Wildcard:id=0]]: Port ready.
[10736:33160:0814/163745.113:INFO:third_party\webrtc\p2p\client\basic_port_allocator.cc:1001] Discarding candidate because it doesn't match filter.
[10736:33160:0814/163745.113:INFO:third_party\webrtc\p2p\client\basic_port_allocator.cc:1102] Port[563f000:0:1:0:host:Net[any:0:0:0:x:x:x:x:x/0:Wildcard:id=0]]: Port completed gathering candidates.
[10736:33160:0814/163745.171:INFO:third_party\webrtc\p2p\client\basic_port_allocator.cc:957] Port[4f85a00:0:1:0:host:Net[any:0.0.0.x/0:Wildcard:id=0]]: Gathered candidate: Cand[:1005214006:1:udp:1677729535:106.195.32.x:56144:srflx:10.186.234.x:56144:Thkw:AOOyPjfJbURXc8KUqrUNb7OI:0:999:0]
[10736:33160:0814/163745.171:INFO:third_party\webrtc\p2p\client\basic_port_allocator.cc:1102] Port[4f85a00:0:1:0:host:Net[any:0.0.0.x/0:Wildcard:id=0]]: Port completed gathering candidates.
[10736:33160:0814/163745.171:INFO:third_party\webrtc\p2p\client\basic_port_allocator.cc:1176] All candidates gathered for 0:1:0
[10736:33160:0814/163745.171:INFO:third_party\webrtc\p2p\base\p2p_transport_channel.cc:971] P2PTransportChannel: 0, component 1 gathering complete
[23332:12540:0814/163745.593:INFO:third_party\webrtc\rtc_base\cpu_info.cc:88] Available number of cores: 12
[5668:22640:0814/163745.681:INFO:CONSOLE:0] "[GroupMarkerNotSet(crbug.com/242999)!:A0102A00AC400000]Automatic fallback to software WebGL has been deprecated. Please use the --enable-unsafe-swiftshader (about:flags#enable-unsafe-swiftshader) flag to opt in to lower security guarantees for trusted content.", source: https://li.protechts.net/index.html?ts=1755169662012&r_id=AAY8UUdJ%2FPk6TE1sNLzj2w%3D%3D&app_id=PXdOjV695v&uc=scraping&d_id=31cccb464036bace18fc280b3e7a58df156d29bd8374ee4c33ea46158cc7f594 (0)
[12392:13220:0814/163745.713:ERROR:gpu\command_buffer\service\gl_utils.cc:389] [.WebGL-0x664c0013c600]GL Driver Message (OpenGL, Performance, GL_CLOSE_PATH_NV, High): GPU stall due to ReadPixels
[5668:22640:0814/163745.797:INFO:CONSOLE:0] "[.WebGL-0x664c0013c600]GL Driver Message (OpenGL, Performance, GL_CLOSE_PATH_NV, High): GPU stall due to ReadPixels", source: https://li.protechts.net/index.html?ts=1755169662012&r_id=AAY8UUdJ%2FPk6TE1sNLzj2w%3D%3D&app_id=PXdOjV695v&uc=scraping&d_id=31cccb464036bace18fc280b3e7a58df156d29bd8374ee4c33ea46158cc7f594 (0)
[34316:20936:0814/163746.180:INFO:third_party\webrtc\rtc_base\cpu_info.cc:88] Available number of cores: 12
[13596:18752:0814/163746.228:INFO:third_party\webrtc\rtc_base\cpu_info.cc:88] Available number of cores: 12
[5668:22640:0814/163746.387:INFO:CONSOLE:8] "visitor.publishDestinations() result: Attempted to attach and load the destination publishing iframe through this API call. Result: The destination publishing iframe was attached and loaded successfully.", source: https://platform.linkedin.com/litms/utag/voyager-web-jobs/utag.js?cb=1755169500000 (8)
[17572:26036:0814/163747.511:INFO:third_party\webrtc\rtc_base\cpu_info.cc:88] Available number of cores: 12
[10736:28908:0814/163803.561:INFO:third_party\webrtc\pc\peer_connection.cc:632] Session: 4843433022236824311 is destroyed.
[10736:33160:0814/163803.562:INFO:third_party\webrtc\media\engine\webrtc_voice_engine.cc:485] WebRtcVoiceEngine::~WebRtcVoiceEngine
[10736:33160:0814/163803.562:WARNING:third_party\webrtc\media\engine\webrtc_voice_engine.cc:805] Attempting to stop aecdump when no audio processing module is present
[5668:504:0814/163806.426:ERROR:google_apis\gcm\engine\registration_request.cc:291] Registration response error message: DEPRECATED_ENDPOINT
[5668:504:0814/163859.515:ERROR:google_apis\gcm\engine\registration_request.cc:291] Registration response error message: DEPRECATED_ENDPOINT
[29852:16976:0814/163939.886:INFO:third_party\webrtc\rtc_base\cpu_info.cc:88] Available number of cores: 12
[5668:22640:0814/163939.927:INFO:CONSOLE:8] "visitor.publishDestinations() result: The destination publishing iframe is already attached and loaded.", source: https://platform.linkedin.com/litms/utag/voyager-web-jobs/utag.js?cb=1755169500000 (8)
[5668:504:0814/164023.379:ERROR:google_apis\gcm\engine\registration_request.cc:291] Registration response error message: DEPRECATED_ENDPOINT
[5668:22640:0814/164024.063:INFO:CONSOLE:8] "visitor.publishDestinations() result: The destination publishing iframe is already attached and loaded.", source: https://platform.linkedin.com/litms/utag/voyager-web-jobs/utag.js?cb=1755169500000 (8)
[5668:22640:0814/164221.699:INFO:CONSOLE:8] "visitor.publishDestinations() result: The destination publishing iframe is already attached and loaded.", source: https://platform.linkedin.com/litms/utag/voyager-web-jobs/utag.js?cb=1755169500000 (8)
